<?xml version="1.0" encoding="UTF-8"?>
<!-- Generated by org.testng.reporters.JUnitReportReporter -->
<testsuite hostname="DESKTOP-LOSCQCA" failures="0" tests="1" name="testEnv.RegTest" time="0.003" errors="0" timestamp="2023-10-14T14:17:56 IST" skipped="0">
  <testcase classname="testEnv.RegTest" name="regTest" time="0.003"/>
  <system-out/>
</testsuite> <!-- testEnv.RegTest -->
