<?xml version="1.0" encoding="UTF-8"?>
<!-- Generated by org.testng.reporters.JUnitReportReporter -->
<testsuite hostname="DESKTOP-LOSCQCA" failures="0" tests="1" name="testNG_By_Prachi.Parameterization_AutomobileClass" time="0.011" errors="0" timestamp="2023-09-14T21:52:36 IST" skipped="0">
  <testcase classname="testNG_By_Prachi.Parameterization_AutomobileClass" name="tc1" time="0.011"/>
  <system-out/>
</testsuite> <!-- testNG_By_Prachi.Parameterization_AutomobileClass -->
