<?xml version="1.0" encoding="UTF-8"?>
<!-- Generated by org.testng.reporters.JUnitReportReporter -->
<testsuite hostname="DESKTOP-LOSCQCA" failures="0" tests="1" name="prodEnv.LoginProd" time="0.002" errors="0" timestamp="2023-10-15T09:02:30 IST" skipped="0">
  <testcase classname="prodEnv.LoginProd" name="loginProdTest" time="0.002"/>
  <system-out/>
</testsuite> <!-- prodEnv.LoginProd -->
