<?xml version="1.0" encoding="UTF-8"?>
<!-- Generated by org.testng.reporters.JUnitReportReporter -->
<testsuite hostname="DESKTOP-LOSCQCA" failures="0" tests="1" name="uatEnv.LoginUAT" time="0.007" errors="0" timestamp="2023-10-15T09:02:30 IST" skipped="0">
  <testcase classname="uatEnv.LoginUAT" name="loginUATTest" time="0.007"/>
  <system-out/>
</testsuite> <!-- uatEnv.LoginUAT -->
