<?xml version="1.0" encoding="UTF-8"?>
<!-- Generated by org.testng.reporters.JUnitReportReporter -->
<testsuite hostname="DESKTOP-LOSCQCA" failures="0" tests="1" name="testngListeners.LoginTest" time="0.019" errors="0" timestamp="2023-05-06T14:49:45 IST" skipped="0">
  <testcase classname="testngListeners.LoginTest" name="loginByEmail" time="0.019"/>
  <system-out/>
</testsuite> <!-- testngListeners.LoginTest -->
