<?xml version="1.0" encoding="UTF-8"?>
<!-- Generated by org.testng.reporters.JUnitReportReporter -->
<testsuite hostname="DESKTOP-LOSCQCA" failures="0" tests="1" name="extentReportBySarthak.AddToCartTest" time="0.885" errors="0" timestamp="2023-10-15T12:31:33 IST" skipped="0">
  <testcase classname="extentReportBySarthak.AddToCartTest" name="addToCartTest" time="0.885"/>
  <system-out/>
</testsuite> <!-- extentReportBySarthak.AddToCartTest -->
