<?xml version="1.0" encoding="UTF-8"?>
<!-- Generated by org.testng.reporters.JUnitReportReporter -->
<testsuite hostname="DESKTOP-LOSCQCA" failures="0" tests="1" name="prodEnv.LoginProd" time="0.001" errors="0" timestamp="2023-10-14T14:17:56 IST" skipped="0">
  <testcase classname="prodEnv.LoginProd" name="loginProdTest" time="0.001"/>
  <system-out/>
</testsuite> <!-- prodEnv.LoginProd -->
