<?xml version="1.0" encoding="UTF-8"?>
<!-- Generated by org.testng.reporters.JUnitReportReporter -->
<testsuite hostname="DESKTOP-LOSCQCA" failures="0" tests="4" name="testNG.BM_T_AM" time="0.005" errors="0" timestamp="2022-12-09T19:46:17 IST" skipped="1">
  <testcase classname="testNG.BM_T_AM" name="userLogin" time="0.002"/>
  <system-out/>
  <testcase classname="testNG.BM_T_AM" name="userLogin" time="0.001"/>
  <system-out/>
  <testcase classname="testNG.BM_T_AM" name="userLogout" time="0.002"/>
  <system-out/>
  <testcase classname="testNG.BM_T_AM" name="clickOnHome">
    <skipped/>
  </testcase> <!-- clickOnHome -->
  <system-out/>
</testsuite> <!-- testNG.BM_T_AM -->
