<?xml version="1.0" encoding="UTF-8"?>
<!-- Generated by org.testng.reporters.JUnitReportReporter -->
<testsuite hostname="DESKTOP-LOSCQCA" failures="0" tests="2" name="testNG_By_Shammi.TestNG1" time="0.013" errors="0" timestamp="2023-02-14T11:34:18 IST" skipped="0">
  <testcase classname="testNG_By_Shammi.TestNG1" name="a2" time="0.002"/>
  <system-out/>
  <testcase classname="testNG_By_Shammi.TestNG1" name="a1" time="0.011"/>
  <system-out/>
</testsuite> <!-- testNG_By_Shammi.TestNG1 -->
