<?xml version="1.0" encoding="UTF-8"?>
<!-- Generated by org.testng.reporters.JUnitReportReporter -->
<testsuite hostname="DESKTOP-LOSCQCA" failures="0" tests="1" name="testEnv.LogoutTest" time="0.007" errors="0" timestamp="2023-10-14T14:17:56 IST" skipped="0">
  <testcase classname="testEnv.LogoutTest" name="logoutTest" time="0.007"/>
  <system-out/>
</testsuite> <!-- testEnv.LogoutTest -->
