<?xml version="1.0" encoding="UTF-8"?>
<!-- Generated by org.testng.reporters.JUnitReportReporter -->
<testsuite hostname="DESKTOP-LOSCQCA" failures="0" tests="1" name="testNG.TestNG_Annotations" time="0.035" errors="0" timestamp="2022-12-09T19:46:17 IST" skipped="0">
  <testcase classname="testNG.TestNG_Annotations" name="Test" time="0.035"/>
  <system-out/>
</testsuite> <!-- testNG.TestNG_Annotations -->
