<?xml version="1.0" encoding="UTF-8"?>
<!-- Generated by org.testng.reporters.JUnitReportReporter -->
<testsuite hostname="DESKTOP-LOSCQCA" failures="0" tests="1" name="extentReportBySarthak.LoginTest" time="0.021" errors="0" timestamp="2023-10-15T12:31:33 IST" skipped="0">
  <testcase classname="extentReportBySarthak.LoginTest" name="loginTest" time="0.021"/>
  <system-out/>
</testsuite> <!-- extentReportBySarthak.LoginTest -->
