<?xml version="1.0" encoding="UTF-8"?>
<!-- Generated by org.testng.reporters.JUnitReportReporter -->
<testsuite hostname="DESKTOP-LOSCQCA" failures="0" tests="4" name="iTestContext_Interface.ITestContext_Demo" time="0.021" errors="0" timestamp="2023-11-21T00:57:47 IST" skipped="0">
  <testcase classname="iTestContext_Interface.ITestContext_Demo" name="laptopMake" time="0.010"/>
  <system-out/>
  <testcase classname="iTestContext_Interface.ITestContext_Demo" name="laptopOS" time="0.005"/>
  <system-out/>
  <testcase classname="iTestContext_Interface.ITestContext_Demo" name="graphicsCards" time="0.002"/>
  <system-out/>
  <testcase classname="iTestContext_Interface.ITestContext_Demo" name="specsLaptop" time="0.004"/>
  <system-out/>
</testsuite> <!-- iTestContext_Interface.ITestContext_Demo -->
