<?xml version="1.0" encoding="UTF-8"?>
<!-- Generated by org.testng.reporters.JUnitReportReporter -->
<testsuite hostname="DESKTOP-LOSCQCA" failures="0" tests="2" name="testNG_By_Prachi.Parameterization_Google_Search" time="32.545" errors="0" timestamp="2023-09-14T22:04:14 IST" skipped="0">
  <testcase classname="testNG_By_Prachi.Parameterization_Google_Search" name="googleSearch" time="13.182"/>
  <system-out/>
  <testcase classname="testNG_By_Prachi.Parameterization_Google_Search" name="googleSearch" time="19.363"/>
  <system-out/>
</testsuite> <!-- testNG_By_Prachi.Parameterization_Google_Search -->
