<?xml version="1.0" encoding="UTF-8"?>
<!-- Generated by org.testng.reporters.JUnitReportReporter -->
<testsuite hostname="DESKTOP-LOSCQCA" failures="0" tests="1" name="testEnv.LoginTest" time="0.012" errors="0" timestamp="2023-10-15T09:02:30 IST" skipped="0">
  <testcase classname="testEnv.LoginTest" name="loginTest" time="0.012"/>
  <system-out/>
</testsuite> <!-- testEnv.LoginTest -->
