<?xml version="1.0" encoding="UTF-8"?>
<!-- Generated by org.testng.reporters.JUnitReportReporter -->
<testsuite hostname="DESKTOP-LOSCQCA" failures="0" tests="1" name="testNG_By_Prachi.Parameterization_SoftwareClass" time="0.002" errors="0" timestamp="2023-09-14T21:52:36 IST" skipped="0">
  <testcase classname="testNG_By_Prachi.Parameterization_SoftwareClass" name="tc1" time="0.002"/>
  <system-out/>
</testsuite> <!-- testNG_By_Prachi.Parameterization_SoftwareClass -->
