<?xml version="1.0" encoding="UTF-8"?>
<!-- Generated by org.testng.reporters.JUnitReportReporter -->
<testsuite hostname="DESKTOP-LOSCQCA" failures="0" tests="2" name="testNG_Parallel_Testing_By_Sarthak.TestNG_Parallel_Part2" time="67.692" errors="0" timestamp="2023-07-29T14:17:36 IST" skipped="0">
  <testcase classname="testNG_Parallel_Testing_By_Sarthak.TestNG_Parallel_Part2" name="tc4" time="42.607"/>
  <system-out/>
  <testcase classname="testNG_Parallel_Testing_By_Sarthak.TestNG_Parallel_Part2" name="tc5" time="25.085"/>
  <system-out/>
</testsuite> <!-- testNG_Parallel_Testing_By_Sarthak.TestNG_Parallel_Part2 -->
