<?xml version="1.0" encoding="UTF-8"?>
<!-- Generated by org.testng.reporters.JUnitReportReporter -->
<testsuite hostname="DESKTOP-LOSCQCA" failures="0" tests="5" name="testNG_Parallel_Testing_By_Sarthak.TestNG_Parallel_Part1" time="167.914" errors="0" timestamp="2023-07-29T14:17:36 IST" skipped="0">
  <testcase classname="testNG_Parallel_Testing_By_Sarthak.TestNG_Parallel_Part1" name="tc2" time="46.193"/>
  <system-out/>
  <testcase classname="testNG_Parallel_Testing_By_Sarthak.TestNG_Parallel_Part1" name="tc1" time="37.524"/>
  <system-out/>
  <testcase classname="testNG_Parallel_Testing_By_Sarthak.TestNG_Parallel_Part1" name="tc1" time="43.445"/>
  <system-out/>
  <testcase classname="testNG_Parallel_Testing_By_Sarthak.TestNG_Parallel_Part1" name="tc1" time="40.746"/>
  <system-out/>
  <testcase classname="testNG_Parallel_Testing_By_Sarthak.TestNG_Parallel_Part1" name="tc3" time="0.006"/>
  <system-out/>
</testsuite> <!-- testNG_Parallel_Testing_By_Sarthak.TestNG_Parallel_Part1 -->
