<?xml version="1.0" encoding="UTF-8"?>
<!-- Generated by org.testng.reporters.JUnitReportReporter -->
<testsuite hostname="DESKTOP-LOSCQCA" failures="0" tests="3" name="testNG.ITestContext_Interface" time="0.015" errors="0" timestamp="2023-10-14T11:53:20 IST" skipped="0">
  <testcase classname="testNG.ITestContext_Interface" name="login" time="0.009"/>
  <system-out/>
  <testcase classname="testNG.ITestContext_Interface" name="search" time="0.003"/>
  <system-out/>
  <testcase classname="testNG.ITestContext_Interface" name="addToCart" time="0.003"/>
  <system-out/>
</testsuite> <!-- testNG.ITestContext_Interface -->
