<?xml version="1.0" encoding="UTF-8"?>
<!-- Generated by org.testng.reporters.JUnitReportReporter -->
<testsuite hostname="DESKTOP-LOSCQCA" failures="0" tests="3" name="testNG_By_Prachi.Parameterization1" time="0.015" errors="0" timestamp="2023-09-14T16:42:25 IST" skipped="0">
  <testcase classname="testNG_By_Prachi.Parameterization1" name="subtraction" time="0.003"/>
  <system-out/>
  <testcase classname="testNG_By_Prachi.Parameterization1" name="addition" time="0.009"/>
  <system-out/>
  <testcase classname="testNG_By_Prachi.Parameterization1" name="multiplication" time="0.003"/>
  <system-out/>
</testsuite> <!-- testNG_By_Prachi.Parameterization1 -->
