<?xml version="1.0" encoding="UTF-8"?>
<!-- Generated by org.testng.reporters.JUnitReportReporter -->
<testsuite hostname="DESKTOP-LOSCQCA" failures="0" tests="4" name="testNG.Hindi_Dependancies" time="15.872" errors="0" timestamp="2022-12-09T19:46:17 IST" skipped="0">
  <testcase classname="testNG.Hindi_Dependancies" name="popUP" time="0.016"/>
  <system-out/>
  <testcase classname="testNG.Hindi_Dependancies" name="Home" time="3.115"/>
  <system-out/>
  <testcase classname="testNG.Hindi_Dependancies" name="landingPage" time="0.008"/>
  <system-out/>
  <testcase classname="testNG.Hindi_Dependancies" name="Calculator" time="12.733"/>
  <system-out/>
</testsuite> <!-- testNG.Hindi_Dependancies -->
